<?xml version="1.0" encoding="UTF-8"?>
<testsuite name="exercise.StudentManagerDynamicSizeTest" tests="2" skipped="0" failures="0" errors="0" timestamp="2023-12-12T08:36:01" hostname="yrl6cnqc7c-mac" time="0.026">
  <properties/>
  <testcase name="testFindStudentById" classname="exercise.StudentManagerDynamicSizeTest" time="0.026"/>
  <testcase name="testAddStudentWithDynamicResizing" classname="exercise.StudentManagerDynamicSizeTest" time="0.0"/>
  <system-out><![CDATA[]]></system-out>
  <system-err><![CDATA[]]></system-err>
</testsuite>
