<?xml version="1.0" encoding="UTF-8"?>
<testsuite name="exercise.AppTest" tests="1" skipped="0" failures="0" errors="0" timestamp="2023-12-12T05:38:35" hostname="yrl6cnqc7c-mac" time="0.002">
  <properties/>
  <testcase name="testGreeting" classname="exercise.AppTest" time="0.002"/>
  <system-out><![CDATA[]]></system-out>
  <system-err><![CDATA[]]></system-err>
</testsuite>
